SQL> SET FEEDBACK ON
SQL> SET LINESIZE 100
SQL> SET PAGESIZE 200
SQL> SET SERVEROUTPUT ON
SQL> 
SQL> ALTER TABLE traveller
  2  ADD visitedhotels_num INT;

Table TRAVELLER altered.

SQL> 
SQL> UPDATE traveller t 
  2  SET visitedhotels_num = (
  3      SELECT COUNT(*) FROM visit WHERE t.pnum = pnum GROUP BY (pnum, nationality)
  4  );

3 rows updated.

SQL> 
SQL> ALTER TABLE visit
  2  ADD hcountry VARCHAR(30);

Table VISIT altered.

SQL> 
SQL> UPDATE visit v
  2  SET hcountry = (
  3      SELECT country FROM hotel WHERE v.hname = hname AND v.hcity = city
  4  );

3 rows updated.

SQL> 
SQL> COMMIT;

Commit complete.

SQL> 
SQL> PROMPT solution3.sql done.
solution3.sql done.
SQL> spool off
