----------------------------------------connection 1----------------------------------------
SQL> SET ECHO ON
SQL> SET FEEDBACK ON
SQL> SET LINESIZE 100
SQL> SET PAGESIZE 200
SQL> SET SERVEROUTPUT ON
SQL> 
SQL> UPDATE ORDERS
  2  SET EMPLOYEE_ID=4
  3  WHERE ORDER_ID=308;

1 row updated.

SQL> UPDATE ORDERS
  2  SET EMPLOYEE_ID=2
  3  WHERE ORDER_ID=310;

Error starting at line : 12 in command -
UPDATE ORDERS
SET EMPLOYEE_ID=2
WHERE ORDER_ID=310;
Error report -
ORA-00060: deadlock detected while waiting for resource

----------------------------------------connection 2----------------------------------------
SQL> SET ECHO ON
SQL> SET FEEDBACK ON
SQL> SET LINESIZE 100
SQL> SET PAGESIZE 200
SQL> SET SERVEROUTPUT ON
SQL> 
SQL> UPDATE ORDERS
  2  SET EMPLOYEE_ID=3
  3  WHERE ORDER_ID=310;

1 row updated.

SQL> 
SQL> UPDATE ORDERS
  2  SET EMPLOYEE_ID=7
  3  WHERE ORDER_ID=308;

Error starting at line : 12 in command -
UPDATE ORDERS
SET EMPLOYEE_ID=7
WHERE ORDER_ID=308
Error report -
ORA-00060: deadlock detected while waiting for resource

