➜  example git:(master) mongo --host 192.168.50.7 -p 27017 
MongoDB shell version v4.2.8
connecting to: mongodb://192.168.50.7:27017/?compressors=disabled&gssapiServiceName=mongodb
Implicit session: session { "id" : UUID("c73b080e-63f4-4122-825e-78de47520973") }
MongoDB server version: 4.2.8
Server has startup warnings: 
2020-07-16T11:21:11.970+0000 I  STORAGE  [initandlisten] 
2020-07-16T11:21:11.970+0000 I  STORAGE  [initandlisten] ** WARNING: Using the XFS filesystem is strongly recommended with the WiredTiger storage engine
2020-07-16T11:21:11.970+0000 I  STORAGE  [initandlisten] **          See http://dochub.mongodb.org/core/prodnotes-filesystem
2020-07-16T11:21:13.326+0000 I  CONTROL  [initandlisten] 
2020-07-16T11:21:13.326+0000 I  CONTROL  [initandlisten] ** WARNING: Access control is not enabled for the database.
2020-07-16T11:21:13.326+0000 I  CONTROL  [initandlisten] **          Read and write access to data and configuration is unrestricted.
2020-07-16T11:21:13.326+0000 I  CONTROL  [initandlisten] 
---
Enable MongoDB's free cloud-based monitoring service, which will then receive and display
metrics about your deployment (disk utilization, CPU, operation statistics, etc).

The monitoring data will be available on a MongoDB website with a unique URL accessible to you
and anyone you share the URL with. MongoDB may use this information to make product
improvements and to suggest MongoDB products and deployment options to you.

To enable free monitoring, run the following command: db.enableFreeMonitoring()
To permanently disable this reminder, run the following command: db.disableFreeMonitoring()
---

> load("employees.js");
true
> load("suppliers.js");
true
> load("customers.js");
true
> db.orders.find().count()
118
> db.orders.find().pretty()
{
	"_id" : "ALFKI",
	"CUSTOMER" : {
		"customer code" : "ALFKI",
		"company name" : "Alfreds Futterkiste",
		"contact name" : "Maria Anders",
		"contact title" : "Sales Representative",
		"address" : "Obere Str. 57",
		"city" : "Berlin",
		"region" : null,
		"postal code" : "12209",
		"country" : "Germany",
		"phone" : "030-0074321",
		"fax" : "030-0076545",
		"submits" : [ ]
	}
}
{
	"_id" : "ANATR",
	"CUSTOMER" : {
		"customer code" : "ANATR",
		"company name" : "Ana Trujillo Emparedados y helados",
		"contact name" : "Ana Trujillo",
		"contact title" : "Owner",
		"address" : "Avda. de la Constitución 2222",
		"city" : "México D.F.",
		"region" : null,
		"postal code" : "05021",
		"country" : "Mexico",
		"phone" : "(5) 555-4729",
		"fax" : "(5) 555-3745",
		"submits" : [ ]
	}
}
{
	"_id" : "ANTON",
	"CUSTOMER" : {
		"customer code" : "ANTON",
		"company name" : "Antonio Moreno Taquería",
		"contact name" : "Antonio Moreno",
		"contact title" : "Owner",
		"address" : "Mataderos  2312",
		"city" : "México D.F.",
		"region" : null,
		"postal code" : "05023",
		"country" : "Mexico",
		"phone" : "(5) 555-3932",
		"fax" : null,
		"submits" : [ ]
	}
}
{
	"_id" : "AROUT",
	"CUSTOMER" : {
		"customer code" : "AROUT",
		"company name" : "Around the Horn",
		"contact name" : "Thomas Hardy",
		"contact title" : "Sales Representative",
		"address" : "120 Hanover Sq.",
		"city" : "London",
		"region" : null,
		"postal code" : "WA1 1DP",
		"country" : "UK",
		"phone" : "(171) 555-7788",
		"fax" : "(171) 555-6750",
		"submits" : [
			{
				"ORDER" : {
					"order id" : 325,
					"employee id" : 8,
					"order date" : ISODate("1996-12-16T00:00:00Z"),
					"required date" : ISODate("1997-01-13T00:00:00Z"),
					"shipped date" : ISODate("1996-12-18T00:00:00Z"),
					"ship via" : "Federal Shipping",
					"freight" : 34.24,
					"ship name" : "Around the Horn",
					"ship address" : "Brook Farm Stratford St. Mary",
					"ship city" : "Colchester",
					"ship region" : "Essex",
					"ship postal code" : "CO7 6JX",
					"ship country" : "UK",
					"consists of" : [
						{
							"ORDER DETAIL" : {
								"product name" : "Gorgonzola Telino",
								"unit price" : 10,
								"quantity" : 4,
								"discount" : 0
							}
						},
						{
							"ORDER DETAIL" : {
								"product name" : "Grandma's Boysenberry Spread",
								"unit price" : 25.3,
								"quantity" : 6,
								"discount" : 0
							}
						},
						{
							"ORDER DETAIL" : {
								"product name" : "Konbu",
								"unit price" : 4.8,
								"quantity" : 12,
								"discount" : 0
							}
						},
						{
							"ORDER DETAIL" : {
								"product name" : "Mozzarella di Giovanni",
								"unit price" : 27.8,
								"quantity" : 40,
								"discount" : 0
							}
						},
						{
							"ORDER DETAIL" : {
								"product name" : "Tofu",
								"unit price" : 18.6,
								"quantity" : 9,
								"discount" : 0
							}
						}
					]
				}
			}
		]
	}
}
{
	"_id" : "BLAUS",
	"CUSTOMER" : {
		"customer code" : "BLAUS",
		"company name" : "Blauer See Delikatessen",
		"contact name" : "Hanna Moos",
		"contact title" : "Sales Representative",
		"address" : "Forsterstr. 57",
		"city" : "Mannheim",
		"region" : null,
		"postal code" : "68306",
		"country" : "Germany",
		"phone" : "0621-08460",
		"fax" : "0621-08924",
		"submits" : [ ]
	}
}
{
	"_id" : "BLONP",
	"CUSTOMER" : {
		"customer code" : "BLONP",
		"company name" : "Blondel pere et fils",
		"contact name" : "Frederique Citeaux",
		"contact title" : "Marketing Manager",
		"address" : "24, Place Kleber",
		"city" : "Strasbourg",
		"region" : null,
		"postal code" : "67000",
		"country" : "France",
		"phone" : "88.60.15.31",
		"fax" : "88.60.15.32",
		"submits" : [
			{
				"ORDER" : {
					"order id" : 266,
					"employee id" : 2,
					"order date" : ISODate("1996-07-25T00:00:00Z"),
					"required date" : ISODate("1996-08-22T00:00:00Z"),
					"shipped date" : ISODate("1996-08-12T00:00:00Z"),
					"ship via" : "Speedy Express",
					"freight" : 55.28,
					"ship name" : "Blondel père et fils",
					"ship address" : "24, place Kléber",
					"ship city" : "Strasbourg",
					"ship region" : null,
					"ship postal code" : "67000",
					"ship country" : "France",
					"consists of" : [
						{
							"ORDER DETAIL" : {
								"product name" : "Queso Manchego La Pastora",
								"unit price" : 30.4,
								"quantity" : 12,
								"discount" : 0.05
							}
						}
					]
				}
			},
			{
				"ORDER" : {
					"order id" : 380,
					"employee id" : 3,
					"order date" : ISODate("1997-02-05T00:00:00Z"),
					"required date" : ISODate("1997-03-05T00:00:00Z"),
					"shipped date" : ISODate("1997-02-11T00:00:00Z"),
					"ship via" : "United Package",
					"freight" : 156.66,
					"ship name" : "Blondel père et fils",
					"ship address" : "24, place Kléber",
					"ship city" : "Strasbourg",
					"ship region" : null,
					"ship postal code" : "67000",
					"ship country" : "France",
					"consists of" : [
						{
							"ORDER DETAIL" : {
								"product name" : "Carnarvon Tigers",
								"unit price" : 50,
								"quantity" : 30,
								"discount" : 0
							}
						},
						{
							"ORDER DETAIL" : {
								"product name" : "Tunnbrod",
								"unit price" : 7.2,
								"quantity" : 15,
								"discount" : 0
							}
						},
						{
							"ORDER DETAIL" : {
								"product name" : "Wimmers gute Semmelknodel",
								"unit price" : 26.6,
								"quantity" : 8,
								"discount" : 0
							}
						}
					]
				}
			}
		]
	}
}
{
	"_id" : "BOLID",
	"CUSTOMER" : {
		"customer code" : "BOLID",
		"company name" : "Bolido Comidas preparadas",
		"contact name" : "Martin Sommer",
		"contact title" : "Owner",
		"address" : "C/ Araquil, 67",
		"city" : "Madrid",
		"region" : null,
		"postal code" : "28023",
		"country" : "Spain",
		"phone" : "(91) 555 22 82",
		"fax" : "(91) 555 91 99",
		"submits" : [
			{
				"ORDER" : {
					"order id" : 295,
					"employee id" : 4,
					"order date" : ISODate("1996-10-10T00:00:00Z"),
					"required date" : ISODate("1996-11-07T00:00:00Z"),
					"shipped date" : ISODate("1996-10-14T00:00:00Z"),
					"ship via" : "United Package",
					"freight" : 77.92,
					"ship name" : "Bólido Comidas preparadas",
					"ship address" : "C/ Araquil, 67",
					"ship city" : "Madrid",
					"ship region" : null,
					"ship postal code" : "28023",
					"ship country" : "Spain",
					"consists of" : [
						{
							"ORDER DETAIL" : {
								"product name" : "Gnocchi di nonna Alice",
								"unit price" : 30.4,
								"quantity" : 4,
								"discount" : 0
							}
						}
					]
				}
			}
		]
	}
}
{
	"_id" : "BONAP",
	"CUSTOMER" : {
		"customer code" : "BONAP",
		"company name" : "Bon app'",
		"contact name" : "Laurence Lebihan",
		"contact title" : "Owner",
		"address" : "12, rue des Bouchers",
		"city" : "Marseille",
		"region" : null,
		"postal code" : "13008",
		"country" : "France",
		"phone" : "91.24.45.40",
		"fax" : "91.24.45.41",
		"submits" : [
			{
				"ORDER" : {
					"order id" : 289,
					"employee id" : 7,
					"order date" : ISODate("1996-08-26T00:00:00Z"),
					"required date" : ISODate("1996-09-23T00:00:00Z"),
					"shipped date" : ISODate("1996-08-28T00:00:00Z"),
					"ship via" : "Federal Shipping",
					"freight" : 22.77,
					"ship name" : "B's Beverages",
					"ship address" : "Fauntleroy Circus",
					"ship city" : "London",
					"ship region" : null,
					"ship postal code" : "EC2 5NT",
					"ship country" : "UK",
					"consists of" : [
						{
							"ORDER DETAIL" : {
								"product name" : "Aniseed Syrup",
								"unit price" : 8,
								"quantity" : 30,
								"discount" : 0
							}
						},
						{
							"ORDER DETAIL" : {
								"product name" : "Wimmers gute Semmelknodel",
								"unit price" : 26.6,
								"quantity" : 9,
								"discount" : 0
							}
						}
					]
				}
			},
			{
				"ORDER" : {
					"order id" : 300,
					"employee id" : 9,
					"order date" : ISODate("1996-10-16T00:00:00Z"),
					"required date" : ISODate("1996-11-27T00:00:00Z"),
					"shipped date" : ISODate("1996-10-21T00:00:00Z"),
					"ship via" : "Speedy Express",
					"freight" : 10.19,
					"ship name" : "Bon app'",
					"ship address" : "12, rue des Bouchers",
					"ship city" : "Marseille",
					"ship region" : null,
					"ship postal code" : "13008",
					"ship country" : "France",
					"consists of" : [
						{
							"ORDER DETAIL" : {
								"product name" : "Louisiana Hot Spiced Okra",
								"unit price" : 13.6,
								"quantity" : 30,
								"discount" : 0
							}
						},
						{
							"ORDER DETAIL" : {
								"product name" : "Scottish Longbreads",
								"unit price" : 10,
								"quantity" : 20,
								"discount" : 0
							}
						}
					]
				}
			},
			{
				"ORDER" : {
					"order id" : 313,
					"employee id" : 8,
					"order date" : ISODate("1998-03-11T00:00:00Z"),
					"required date" : ISODate("1998-04-08T00:00:00Z"),
					"shipped date" : ISODate("1998-03-23T00:00:00Z"),
					"ship via" : "Federal Shipping",
					"freight" : 19.77,
					"ship name" : "Bon app'",
					"ship address" : "12, rue des Bouchers",
					"ship city" : "Marseille",
					"ship region" : null,
					"ship postal code" : "13008",
					"ship country" : "France",
					"consists of" : [
						{
							"ORDER DETAIL" : {
								"product name" : "Inlagd Sill",
								"unit price" : 15.2,
								"quantity" : 12,
								"discount" : 0
							}
						}
					]
				}
			}
		]
	}
}
{
	"_id" : "BOTTM",
	"CUSTOMER" : {
		"customer code" : "BOTTM",
		"company name" : "Bottom-Dollar Markets",
		"contact name" : "Elizabeth Lincoln",
		"contact title" : "Accounting Manager",
		"address" : "23 Tsawassen Blvd.",
		"city" : "Tsawassen",
		"region" : "BC",
		"postal code" : "T2F 8M4",
		"country" : "Canada",
		"phone" : "(604) 555-4729",
		"fax" : "(604) 555-3745",
		"submits" : [
			{
				"ORDER" : {
					"order id" : 331,
					"employee id" : 4,
					"order date" : ISODate("1996-12-20T00:00:00Z"),
					"required date" : ISODate("1997-01-17T00:00:00Z"),
					"shipped date" : ISODate("1996-12-24T00:00:00Z"),
					"ship via" : "United Package",
					"freight" : 47.42,
					"ship name" : "Bottom-Dollar Markets",
					"ship address" : "23 Tsawassen Blvd.",
					"ship city" : "Tsawassen",
					"ship region" : "BC",
					"ship postal code" : "T2F 8M4",
					"ship country" : "Canada",
					"consists of" : [
						{
							"ORDER DETAIL" : {
								"product name" : "Tourtiere",
								"unit price" : 5.9,
								"quantity" : 15,
								"discount" : 0
							}
						}
					]
				}
			},
			{
				"ORDER" : {
					"order id" : 352,
					"employee id" : 3,
					"order date" : ISODate("1997-01-10T00:00:00Z"),
					"required date" : ISODate("1997-02-07T00:00:00Z"),
					"shipped date" : ISODate("1997-01-15T00:00:00Z"),
					"ship via" : "Federal Shipping",
					"freight" : 2.4,
					"ship name" : "Bottom-Dollar Markets",
					"ship address" : "23 Tsawassen Blvd.",
					"ship city" : "Tsawassen",
					"ship region" : "BC",
					"ship postal code" : "T2F 8M4",
					"ship country" : "Canada",
					"consists of" : [
						{
							"ORDER DETAIL" : {
								"product name" : "Flotemysost",
								"unit price" : 17.2,
								"quantity" : 2,
								"discount" : 0
							}
						},
						{
							"ORDER DETAIL" : {
								"product name" : "Louisiana Fiery Hot Pepper Sauce",
								"unit price" : 16.8,
								"quantity" : 35,
								"discount" : 0
							}
						},
						{
							"ORDER DETAIL" : {
								"product name" : "Teatime Chocolate Biscuits",
								"unit price" : 7.3,
								"quantity" : 40,
								"discount" : 0
							}
						}
					]
				}
			},
			{
				"ORDER" : {
					"order id" : 353,
					"employee id" : 9,
					"order date" : ISODate("1997-01-10T00:00:00Z"),
					"required date" : ISODate("1997-02-07T00:00:00Z"),
					"shipped date" : ISODate("1997-01-21T00:00:00Z"),
					"ship via" : "Federal Shipping",
					"freight" : 23.65,
					"ship name" : "Bottom-Dollar Markets",
					"ship address" : "23 Tsawassen Blvd.",
					"ship city" : "Tsawassen",
					"ship region" : "BC",
					"ship postal code" : "T2F 8M4",
					"ship country" : "Canada",
					"consists of" : [
						{
							"ORDER DETAIL" : {
								"product name" : "Gumbar Gummibarchen",
								"unit price" : 24.9,
								"quantity" : 6,
								"discount" : 0
							}
						}
					]
				}
			},
			{
				"ORDER" : {
					"order id" : 373,
					"employee id" : 4,
					"order date" : ISODate("1997-01-30T00:00:00Z"),
					"required date" : ISODate("1997-02-13T00:00:00Z"),
					"shipped date" : ISODate("1997-02-07T00:00:00Z"),
					"ship via" : "United Package",
					"freight" : 44.17,
					"ship name" : "Bottom-Dollar Markets",
					"ship address" : "23 Tsawassen Blvd.",
					"ship city" : "Tsawassen",
					"ship region" : "BC",
					"ship postal code" : "T2F 8M4",
					"ship country" : "Canada",
					"consists of" : [
						{
							"ORDER DETAIL" : {
								"product name" : "Singaporean Hokkien Fried Mee",
								"unit price" : 11.2,
								"quantity" : 50,
								"discount" : 0
							}
						},
						{
							"ORDER DETAIL" : {
								"product name" : "Teatime Chocolate Biscuits",
								"unit price" : 7.3,
								"quantity" : 21,
								"discount" : 0
							}
						}
					]
				}
			}
		]
	}
}
{
	"_id" : "BSBEV",
	"CUSTOMER" : {
		"customer code" : "BSBEV",
		"company name" : "B's Beverages",
		"contact name" : "Victoria Ashworth",
		"contact title" : "Sales Representative",
		"address" : "Fauntleroy Circus",
		"city" : "London",
		"region" : null,
		"postal code" : "EC2 5NT",
		"country" : "UK",
		"phone" : "(171) 555-1212",
		"fax" : null,
		"submits" : [ ]
	}
}
{
	"_id" : "CACTU",
	"CUSTOMER" : {
		"customer code" : "CACTU",
		"company name" : "Cactus Comidas para llevar",
		"contact name" : "Patricio Simpson",
		"contact title" : "Sales Agent",
		"address" : "Cerrito 333",
		"city" : "Buenos Aires",
		"region" : null,
		"postal code" : "1010",
		"country" : "Argentina",
		"phone" : "(1) 135-5555",
		"fax" : "(1) 135-4892",
		"submits" : [ ]
	}
}
{
	"_id" : "CENTC",
	"CUSTOMER" : {
		"customer code" : "CENTC",
		"company name" : "Centro comercial Moctezuma",
		"contact name" : "Francisco Chang",
		"contact title" : "Marketing Manager",
		"address" : "Sierras de Granada 9993",
		"city" : "Mexico D.F.",
		"region" : null,
		"postal code" : "05022",
		"country" : "Mexico",
		"phone" : "(5) 555-3392",
		"fax" : "(5) 555-7293",
		"submits" : [ ]
	}
}
{
	"_id" : "CHOPS",
	"CUSTOMER" : {
		"customer code" : "CHOPS",
		"company name" : "Chop-suey Chinese",
		"contact name" : "Yang Wang",
		"contact title" : "Owner",
		"address" : "Hauptstr. 29",
		"city" : "Bern",
		"region" : null,
		"postal code" : "3012",
		"country" : "Switzerland",
		"phone" : "0452-076545",
		"fax" : null,
		"submits" : [
			{
				"ORDER" : {
					"order id" : 309,
					"employee id" : 6,
					"order date" : ISODate("1996-12-03T00:00:00Z"),
					"required date" : ISODate("1996-12-31T00:00:00Z"),
					"shipped date" : ISODate("1996-12-27T00:00:00Z"),
					"ship via" : "United Package",
					"freight" : 1.17,
					"ship name" : "Chop-suey Chinese",
					"ship address" : "Hauptstr. 31",
					"ship city" : "Bern",
					"ship region" : null,
					"ship postal code" : "3012",
					"ship country" : "Switzerland",
					"consists of" : [
						{
							"ORDER DETAIL" : {
								"product name" : "Chef Anton's Cajun Seasoning",
								"unit price" : 17.6,
								"quantity" : 20,
								"discount" : 0
							}
						},
						{
							"ORDER DETAIL" : {
								"product name" : "Flotemysost",
								"unit price" : 17.2,
								"quantity" : 3,
								"discount" : 0
							}
						},
						{
							"ORDER DETAIL" : {
								"product name" : "Grandma's Boysenberry Spread",
								"unit price" : 20,
								"quantity" : 30,
								"discount" : 0
							}
						},
						{
							"ORDER DETAIL" : {
								"product name" : "Ipoh Coffee",
								"unit price" : 36.8,
								"quantity" : 20,
								"discount" : 0
							}
						},
						{
							"ORDER DETAIL" : {
								"product name" : "Singaporean Hokkien Fried Mee",
								"unit price" : 11.2,
								"quantity" : 2,
								"discount" : 0
							}
						}
					]
				}
			}
		]
	}
}
{
	"_id" : "COMMI",
	"CUSTOMER" : {
		"customer code" : "COMMI",
		"company name" : "Comercio Mineiro",
		"contact name" : "Pedro Afonso",
		"contact title" : "Sales Associate",
		"address" : "Av. dos Lusiadas, 23",
		"city" : "São Paulo",
		"region" : "SP",
		"postal code" : "05432-043",
		"country" : "Brazil",
		"phone" : "(11) 555-7647",
		"fax" : null,
		"submits" : [ ]
	}
}
{
	"_id" : "CONSH",
	"CUSTOMER" : {
		"customer code" : "CONSH",
		"company name" : "Consolidated Holdings",
		"contact name" : "Elizabeth Brown",
		"contact title" : "Sales Representative",
		"address" : "Berkeley Gardens 12  Brewery ",
		"city" : "London",
		"region" : null,
		"postal code" : "WX1 6LT",
		"country" : "UK",
		"phone" : "(171) 555-2282",
		"fax" : "(171) 555-9199",
		"submits" : [
			{
				"ORDER" : {
					"order id" : 379,
					"employee id" : 8,
					"order date" : ISODate("1997-02-04T00:00:00Z"),
					"required date" : ISODate("1997-03-18T00:00:00Z"),
					"shipped date" : ISODate("1997-02-07T00:00:00Z"),
					"ship via" : "United Package",
					"freight" : 9.21,
					"ship name" : "Consolidated Holdings",
					"ship address" : "Berkeley Gardens 12  Brewery ",
					"ship city" : "London",
					"ship region" : null,
					"ship postal code" : "WX1 6LT",
					"ship country" : "UK",
					"consists of" : [
						{
							"ORDER DETAIL" : {
								"product name" : "Chang",
								"unit price" : 15.2,
								"quantity" : 40,
								"discount" : 0.15
							}
						},
						{
							"ORDER DETAIL" : {
								"product name" : "Gula Malacca",
								"unit price" : 15.5,
								"quantity" : 2,
								"discount" : 0.15
							}
						},
						{
							"ORDER DETAIL" : {
								"product name" : "Pavlova",
								"unit price" : 13.9,
								"quantity" : 35,
								"discount" : 0.15
							}
						}
					]
				}
			}
		]
	}
}
{
	"_id" : "DRACD",
	"CUSTOMER" : {
		"customer code" : "DRACD",
		"company name" : "Drachenblut Delikatessen",
		"contact name" : "Sven Ottlieb",
		"contact title" : "Order Administrator",
		"address" : "Walserweg 21",
		"city" : "Aachen",
		"region" : null,
		"postal code" : "52066",
		"country" : "Germany",
		"phone" : "0241-039123",
		"fax" : "0241-059428",
		"submits" : [
			{
				"ORDER" : {
					"order id" : 333,
					"employee id" : 3,
					"order date" : ISODate("1996-12-23T00:00:00Z"),
					"required date" : ISODate("1997-01-20T00:00:00Z"),
					"shipped date" : ISODate("1996-12-31T00:00:00Z"),
					"ship via" : "Federal Shipping",
					"freight" : 5.45,
					"ship name" : "Drachenblut Delikatessen",
					"ship address" : "Walserweg 21",
					"ship city" : "Aachen",
					"ship region" : null,
					"ship postal code" : "52066",
					"ship country" : "Germany",
					"consists of" : [
						{
							"ORDER DETAIL" : {
								"product name" : "Flotemysost",
								"unit price" : 17.2,
								"quantity" : 40,
								"discount" : 0.1
							}
						},
						{
							"ORDER DETAIL" : {
								"product name" : "Sir Rodney's Scones",
								"unit price" : 8,
								"quantity" : 10,
								"discount" : 0.1
							}
						},
						{
							"ORDER DETAIL" : {
								"product name" : "Tofu",
								"unit price" : 18.6,
								"quantity" : 10,
								"discount" : 0
							}
						}
					]
				}
			}
		]
	}
}
{
	"_id" : "DUMON",
	"CUSTOMER" : {
		"customer code" : "DUMON",
		"company name" : "Du monde entier",
		"contact name" : "Janine Labrune",
		"contact title" : "Owner",
		"address" : "67, rue des Cinquante Otages",
		"city" : "Nantes",
		"region" : null,
		"postal code" : "44000",
		"country" : "France",
		"phone" : "40.67.88.88",
		"fax" : "40.67.89.89",
		"submits" : [ ]
	}
}
{
	"_id" : "EASTC",
	"CUSTOMER" : {
		"customer code" : "EASTC",
		"company name" : "Eastern Connection",
		"contact name" : "Ann Devon",
		"contact title" : "Sales Agent",
		"address" : "35 King George",
		"city" : "London",
		"region" : null,
		"postal code" : "WX3 6FW",
		"country" : "UK",
		"phone" : "(171) 555-0297",
		"fax" : "(171) 555-3373",
		"submits" : [
			{
				"ORDER" : {
					"order id" : 342,
					"employee id" : 1,
					"order date" : ISODate("1997-01-01T00:00:00Z"),
					"required date" : ISODate("1997-01-29T00:00:00Z"),
					"shipped date" : ISODate("1997-01-16T00:00:00Z"),
					"ship via" : "Federal Shipping",
					"freight" : 83.93,
					"ship name" : "Eastern Connection",
					"ship address" : "35 King George",
					"ship city" : "London",
					"ship region" : null,
					"ship postal code" : "WX3 6FW",
					"ship country" : "UK",
					"consists of" : [
						{
							"ORDER DETAIL" : {
								"product name" : "Chang",
								"unit price" : 15.2,
								"quantity" : 24,
								"discount" : 0.2
							}
						},
						{
							"ORDER DETAIL" : {
								"product name" : "Gorgonzola Telino",
								"unit price" : 10,
								"quantity" : 56,
								"discount" : 0.2
							}
						}
					]
				}
			}
		]
	}
}
{
	"_id" : "FAMIA",
	"CUSTOMER" : {
		"customer code" : "FAMIA",
		"company name" : "Familia Arquibaldo",
		"contact name" : "Aria Cruz",
		"contact title" : "Marketing Assistant",
		"address" : "Rua Oros, 92",
		"city" : "São Paulo",
		"region" : "SP",
		"postal code" : "05442-030",
		"country" : "Brazil",
		"phone" : "(11) 555-9857",
		"fax" : null,
		"submits" : [
			{
				"ORDER" : {
					"order id" : 328,
					"employee id" : 9,
					"order date" : ISODate("1996-12-18T00:00:00Z"),
					"required date" : ISODate("1997-01-01T00:00:00Z"),
					"shipped date" : ISODate("1996-12-25T00:00:00Z"),
					"ship via" : "Federal Shipping",
					"freight" : 13.99,
					"ship name" : "Familia Arquibaldo",
					"ship address" : "Rua Orós, 92",
					"ship city" : "São Paulo",
					"ship region" : "SP",
					"ship postal code" : "05442-030",
					"ship country" : "Brazil",
					"consists of" : [
						{
							"ORDER DETAIL" : {
								"product name" : "Louisiana Fiery Hot Pepper Sauce",
								"unit price" : 16.8,
								"quantity" : 40,
								"discount" : 0
							}
						},
						{
							"ORDER DETAIL" : {
								"product name" : "Raclette Courdavault",
								"unit price" : 44,
								"quantity" : 9,
								"discount" : 0
							}
						},
						{
							"ORDER DETAIL" : {
								"product name" : "Scottish Longbreads",
								"unit price" : 10,
								"quantity" : 10,
								"discount" : 0
							}
						}
					]
				}
			},
			{
				"ORDER" : {
					"order id" : 356,
					"employee id" : 2,
					"order date" : ISODate("1997-01-14T00:00:00Z"),
					"required date" : ISODate("1997-02-11T00:00:00Z"),
					"shipped date" : ISODate("1997-01-17T00:00:00Z"),
					"ship via" : "Federal Shipping",
					"freight" : 21.48,
					"ship name" : "Familia Arquibaldo",
					"ship address" : "Rua Orós, 92",
					"ship city" : "São Paulo",
					"ship region" : "SP",
					"ship postal code" : "05442-030",
					"ship country" : "Brazil",
					"consists of" : [
						{
							"ORDER DETAIL" : {
								"product name" : "Filo Mix",
								"unit price" : 5.6,
								"quantity" : 20,
								"discount" : 0
							}
						}
					]
				}
			}
		]
	}
}
{
	"_id" : "FISSA",
	"CUSTOMER" : {
		"customer code" : "FISSA",
		"company name" : "FISSA Fabrica Inter. Salchichas S.A.",
		"contact name" : "Diego Roel",
		"contact title" : "Accounting Manager",
		"address" : "C/ Moralzarzal, 86",
		"city" : "Madrid",
		"region" : null,
		"postal code" : "28034",
		"country" : "Spain",
		"phone" : "(91) 555 94 44",
		"fax" : "(91) 555 55 93",
		"submits" : [ ]
	}
}
Type "it" for more
> db.orders.find({"CUSTOMER":{$exists:true}}).pretty();
{
	"_id" : "ALFKI",
	"CUSTOMER" : {
		"customer code" : "ALFKI",
		"company name" : "Alfreds Futterkiste",
		"contact name" : "Maria Anders",
		"contact title" : "Sales Representative",
		"address" : "Obere Str. 57",
		"city" : "Berlin",
		"region" : null,
		"postal code" : "12209",
		"country" : "Germany",
		"phone" : "030-0074321",
		"fax" : "030-0076545",
		"submits" : [ ]
	}
}
{
	"_id" : "ANATR",
	"CUSTOMER" : {
		"customer code" : "ANATR",
		"company name" : "Ana Trujillo Emparedados y helados",
		"contact name" : "Ana Trujillo",
		"contact title" : "Owner",
		"address" : "Avda. de la Constitución 2222",
		"city" : "México D.F.",
		"region" : null,
		"postal code" : "05021",
		"country" : "Mexico",
		"phone" : "(5) 555-4729",
		"fax" : "(5) 555-3745",
		"submits" : [ ]
	}
}
{
	"_id" : "ANTON",
	"CUSTOMER" : {
		"customer code" : "ANTON",
		"company name" : "Antonio Moreno Taquería",
		"contact name" : "Antonio Moreno",
		"contact title" : "Owner",
		"address" : "Mataderos  2312",
		"city" : "México D.F.",
		"region" : null,
		"postal code" : "05023",
		"country" : "Mexico",
		"phone" : "(5) 555-3932",
		"fax" : null,
		"submits" : [ ]
	}
}
{
	"_id" : "AROUT",
	"CUSTOMER" : {
		"customer code" : "AROUT",
		"company name" : "Around the Horn",
		"contact name" : "Thomas Hardy",
		"contact title" : "Sales Representative",
		"address" : "120 Hanover Sq.",
		"city" : "London",
		"region" : null,
		"postal code" : "WA1 1DP",
		"country" : "UK",
		"phone" : "(171) 555-7788",
		"fax" : "(171) 555-6750",
		"submits" : [
			{
				"ORDER" : {
					"order id" : 325,
					"employee id" : 8,
					"order date" : ISODate("1996-12-16T00:00:00Z"),
					"required date" : ISODate("1997-01-13T00:00:00Z"),
					"shipped date" : ISODate("1996-12-18T00:00:00Z"),
					"ship via" : "Federal Shipping",
					"freight" : 34.24,
					"ship name" : "Around the Horn",
					"ship address" : "Brook Farm Stratford St. Mary",
					"ship city" : "Colchester",
					"ship region" : "Essex",
					"ship postal code" : "CO7 6JX",
					"ship country" : "UK",
					"consists of" : [
						{
							"ORDER DETAIL" : {
								"product name" : "Gorgonzola Telino",
								"unit price" : 10,
								"quantity" : 4,
								"discount" : 0
							}
						},
						{
							"ORDER DETAIL" : {
								"product name" : "Grandma's Boysenberry Spread",
								"unit price" : 25.3,
								"quantity" : 6,
								"discount" : 0
							}
						},
						{
							"ORDER DETAIL" : {
								"product name" : "Konbu",
								"unit price" : 4.8,
								"quantity" : 12,
								"discount" : 0
							}
						},
						{
							"ORDER DETAIL" : {
								"product name" : "Mozzarella di Giovanni",
								"unit price" : 27.8,
								"quantity" : 40,
								"discount" : 0
							}
						},
						{
							"ORDER DETAIL" : {
								"product name" : "Tofu",
								"unit price" : 18.6,
								"quantity" : 9,
								"discount" : 0
							}
						}
					]
				}
			}
		]
	}
}
{
	"_id" : "BLAUS",
	"CUSTOMER" : {
		"customer code" : "BLAUS",
		"company name" : "Blauer See Delikatessen",
		"contact name" : "Hanna Moos",
		"contact title" : "Sales Representative",
		"address" : "Forsterstr. 57",
		"city" : "Mannheim",
		"region" : null,
		"postal code" : "68306",
		"country" : "Germany",
		"phone" : "0621-08460",
		"fax" : "0621-08924",
		"submits" : [ ]
	}
}
{
	"_id" : "BLONP",
	"CUSTOMER" : {
		"customer code" : "BLONP",
		"company name" : "Blondel pere et fils",
		"contact name" : "Frederique Citeaux",
		"contact title" : "Marketing Manager",
		"address" : "24, Place Kleber",
		"city" : "Strasbourg",
		"region" : null,
		"postal code" : "67000",
		"country" : "France",
		"phone" : "88.60.15.31",
		"fax" : "88.60.15.32",
		"submits" : [
			{
				"ORDER" : {
					"order id" : 266,
					"employee id" : 2,
					"order date" : ISODate("1996-07-25T00:00:00Z"),
					"required date" : ISODate("1996-08-22T00:00:00Z"),
					"shipped date" : ISODate("1996-08-12T00:00:00Z"),
					"ship via" : "Speedy Express",
					"freight" : 55.28,
					"ship name" : "Blondel père et fils",
					"ship address" : "24, place Kléber",
					"ship city" : "Strasbourg",
					"ship region" : null,
					"ship postal code" : "67000",
					"ship country" : "France",
					"consists of" : [
						{
							"ORDER DETAIL" : {
								"product name" : "Queso Manchego La Pastora",
								"unit price" : 30.4,
								"quantity" : 12,
								"discount" : 0.05
							}
						}
					]
				}
			},
			{
				"ORDER" : {
					"order id" : 380,
					"employee id" : 3,
					"order date" : ISODate("1997-02-05T00:00:00Z"),
					"required date" : ISODate("1997-03-05T00:00:00Z"),
					"shipped date" : ISODate("1997-02-11T00:00:00Z"),
					"ship via" : "United Package",
					"freight" : 156.66,
					"ship name" : "Blondel père et fils",
					"ship address" : "24, place Kléber",
					"ship city" : "Strasbourg",
					"ship region" : null,
					"ship postal code" : "67000",
					"ship country" : "France",
					"consists of" : [
						{
							"ORDER DETAIL" : {
								"product name" : "Carnarvon Tigers",
								"unit price" : 50,
								"quantity" : 30,
								"discount" : 0
							}
						},
						{
							"ORDER DETAIL" : {
								"product name" : "Tunnbrod",
								"unit price" : 7.2,
								"quantity" : 15,
								"discount" : 0
							}
						},
						{
							"ORDER DETAIL" : {
								"product name" : "Wimmers gute Semmelknodel",
								"unit price" : 26.6,
								"quantity" : 8,
								"discount" : 0
							}
						}
					]
				}
			}
		]
	}
}
{
	"_id" : "BOLID",
	"CUSTOMER" : {
		"customer code" : "BOLID",
		"company name" : "Bolido Comidas preparadas",
		"contact name" : "Martin Sommer",
		"contact title" : "Owner",
		"address" : "C/ Araquil, 67",
		"city" : "Madrid",
		"region" : null,
		"postal code" : "28023",
		"country" : "Spain",
		"phone" : "(91) 555 22 82",
		"fax" : "(91) 555 91 99",
		"submits" : [
			{
				"ORDER" : {
					"order id" : 295,
					"employee id" : 4,
					"order date" : ISODate("1996-10-10T00:00:00Z"),
					"required date" : ISODate("1996-11-07T00:00:00Z"),
					"shipped date" : ISODate("1996-10-14T00:00:00Z"),
					"ship via" : "United Package",
					"freight" : 77.92,
					"ship name" : "Bólido Comidas preparadas",
					"ship address" : "C/ Araquil, 67",
					"ship city" : "Madrid",
					"ship region" : null,
					"ship postal code" : "28023",
					"ship country" : "Spain",
					"consists of" : [
						{
							"ORDER DETAIL" : {
								"product name" : "Gnocchi di nonna Alice",
								"unit price" : 30.4,
								"quantity" : 4,
								"discount" : 0
							}
						}
					]
				}
			}
		]
	}
}
{
	"_id" : "BONAP",
	"CUSTOMER" : {
		"customer code" : "BONAP",
		"company name" : "Bon app'",
		"contact name" : "Laurence Lebihan",
		"contact title" : "Owner",
		"address" : "12, rue des Bouchers",
		"city" : "Marseille",
		"region" : null,
		"postal code" : "13008",
		"country" : "France",
		"phone" : "91.24.45.40",
		"fax" : "91.24.45.41",
		"submits" : [
			{
				"ORDER" : {
					"order id" : 289,
					"employee id" : 7,
					"order date" : ISODate("1996-08-26T00:00:00Z"),
					"required date" : ISODate("1996-09-23T00:00:00Z"),
					"shipped date" : ISODate("1996-08-28T00:00:00Z"),
					"ship via" : "Federal Shipping",
					"freight" : 22.77,
					"ship name" : "B's Beverages",
					"ship address" : "Fauntleroy Circus",
					"ship city" : "London",
					"ship region" : null,
					"ship postal code" : "EC2 5NT",
					"ship country" : "UK",
					"consists of" : [
						{
							"ORDER DETAIL" : {
								"product name" : "Aniseed Syrup",
								"unit price" : 8,
								"quantity" : 30,
								"discount" : 0
							}
						},
						{
							"ORDER DETAIL" : {
								"product name" : "Wimmers gute Semmelknodel",
								"unit price" : 26.6,
								"quantity" : 9,
								"discount" : 0
							}
						}
					]
				}
			},
			{
				"ORDER" : {
					"order id" : 300,
					"employee id" : 9,
					"order date" : ISODate("1996-10-16T00:00:00Z"),
					"required date" : ISODate("1996-11-27T00:00:00Z"),
					"shipped date" : ISODate("1996-10-21T00:00:00Z"),
					"ship via" : "Speedy Express",
					"freight" : 10.19,
					"ship name" : "Bon app'",
					"ship address" : "12, rue des Bouchers",
					"ship city" : "Marseille",
					"ship region" : null,
					"ship postal code" : "13008",
					"ship country" : "France",
					"consists of" : [
						{
							"ORDER DETAIL" : {
								"product name" : "Louisiana Hot Spiced Okra",
								"unit price" : 13.6,
								"quantity" : 30,
								"discount" : 0
							}
						},
						{
							"ORDER DETAIL" : {
								"product name" : "Scottish Longbreads",
								"unit price" : 10,
								"quantity" : 20,
								"discount" : 0
							}
						}
					]
				}
			},
			{
				"ORDER" : {
					"order id" : 313,
					"employee id" : 8,
					"order date" : ISODate("1998-03-11T00:00:00Z"),
					"required date" : ISODate("1998-04-08T00:00:00Z"),
					"shipped date" : ISODate("1998-03-23T00:00:00Z"),
					"ship via" : "Federal Shipping",
					"freight" : 19.77,
					"ship name" : "Bon app'",
					"ship address" : "12, rue des Bouchers",
					"ship city" : "Marseille",
					"ship region" : null,
					"ship postal code" : "13008",
					"ship country" : "France",
					"consists of" : [
						{
							"ORDER DETAIL" : {
								"product name" : "Inlagd Sill",
								"unit price" : 15.2,
								"quantity" : 12,
								"discount" : 0
							}
						}
					]
				}
			}
		]
	}
}
{
	"_id" : "BOTTM",
	"CUSTOMER" : {
		"customer code" : "BOTTM",
		"company name" : "Bottom-Dollar Markets",
		"contact name" : "Elizabeth Lincoln",
		"contact title" : "Accounting Manager",
		"address" : "23 Tsawassen Blvd.",
		"city" : "Tsawassen",
		"region" : "BC",
		"postal code" : "T2F 8M4",
		"country" : "Canada",
		"phone" : "(604) 555-4729",
		"fax" : "(604) 555-3745",
		"submits" : [
			{
				"ORDER" : {
					"order id" : 331,
					"employee id" : 4,
					"order date" : ISODate("1996-12-20T00:00:00Z"),
					"required date" : ISODate("1997-01-17T00:00:00Z"),
					"shipped date" : ISODate("1996-12-24T00:00:00Z"),
					"ship via" : "United Package",
					"freight" : 47.42,
					"ship name" : "Bottom-Dollar Markets",
					"ship address" : "23 Tsawassen Blvd.",
					"ship city" : "Tsawassen",
					"ship region" : "BC",
					"ship postal code" : "T2F 8M4",
					"ship country" : "Canada",
					"consists of" : [
						{
							"ORDER DETAIL" : {
								"product name" : "Tourtiere",
								"unit price" : 5.9,
								"quantity" : 15,
								"discount" : 0
							}
						}
					]
				}
			},
			{
				"ORDER" : {
					"order id" : 352,
					"employee id" : 3,
					"order date" : ISODate("1997-01-10T00:00:00Z"),
					"required date" : ISODate("1997-02-07T00:00:00Z"),
					"shipped date" : ISODate("1997-01-15T00:00:00Z"),
					"ship via" : "Federal Shipping",
					"freight" : 2.4,
					"ship name" : "Bottom-Dollar Markets",
					"ship address" : "23 Tsawassen Blvd.",
					"ship city" : "Tsawassen",
					"ship region" : "BC",
					"ship postal code" : "T2F 8M4",
					"ship country" : "Canada",
					"consists of" : [
						{
							"ORDER DETAIL" : {
								"product name" : "Flotemysost",
								"unit price" : 17.2,
								"quantity" : 2,
								"discount" : 0
							}
						},
						{
							"ORDER DETAIL" : {
								"product name" : "Louisiana Fiery Hot Pepper Sauce",
								"unit price" : 16.8,
								"quantity" : 35,
								"discount" : 0
							}
						},
						{
							"ORDER DETAIL" : {
								"product name" : "Teatime Chocolate Biscuits",
								"unit price" : 7.3,
								"quantity" : 40,
								"discount" : 0
							}
						}
					]
				}
			},
			{
				"ORDER" : {
					"order id" : 353,
					"employee id" : 9,
					"order date" : ISODate("1997-01-10T00:00:00Z"),
					"required date" : ISODate("1997-02-07T00:00:00Z"),
					"shipped date" : ISODate("1997-01-21T00:00:00Z"),
					"ship via" : "Federal Shipping",
					"freight" : 23.65,
					"ship name" : "Bottom-Dollar Markets",
					"ship address" : "23 Tsawassen Blvd.",
					"ship city" : "Tsawassen",
					"ship region" : "BC",
					"ship postal code" : "T2F 8M4",
					"ship country" : "Canada",
					"consists of" : [
						{
							"ORDER DETAIL" : {
								"product name" : "Gumbar Gummibarchen",
								"unit price" : 24.9,
								"quantity" : 6,
								"discount" : 0
							}
						}
					]
				}
			},
			{
				"ORDER" : {
					"order id" : 373,
					"employee id" : 4,
					"order date" : ISODate("1997-01-30T00:00:00Z"),
					"required date" : ISODate("1997-02-13T00:00:00Z"),
					"shipped date" : ISODate("1997-02-07T00:00:00Z"),
					"ship via" : "United Package",
					"freight" : 44.17,
					"ship name" : "Bottom-Dollar Markets",
					"ship address" : "23 Tsawassen Blvd.",
					"ship city" : "Tsawassen",
					"ship region" : "BC",
					"ship postal code" : "T2F 8M4",
					"ship country" : "Canada",
					"consists of" : [
						{
							"ORDER DETAIL" : {
								"product name" : "Singaporean Hokkien Fried Mee",
								"unit price" : 11.2,
								"quantity" : 50,
								"discount" : 0
							}
						},
						{
							"ORDER DETAIL" : {
								"product name" : "Teatime Chocolate Biscuits",
								"unit price" : 7.3,
								"quantity" : 21,
								"discount" : 0
							}
						}
					]
				}
			}
		]
	}
}
{
	"_id" : "BSBEV",
	"CUSTOMER" : {
		"customer code" : "BSBEV",
		"company name" : "B's Beverages",
		"contact name" : "Victoria Ashworth",
		"contact title" : "Sales Representative",
		"address" : "Fauntleroy Circus",
		"city" : "London",
		"region" : null,
		"postal code" : "EC2 5NT",
		"country" : "UK",
		"phone" : "(171) 555-1212",
		"fax" : null,
		"submits" : [ ]
	}
}
{
	"_id" : "CACTU",
	"CUSTOMER" : {
		"customer code" : "CACTU",
		"company name" : "Cactus Comidas para llevar",
		"contact name" : "Patricio Simpson",
		"contact title" : "Sales Agent",
		"address" : "Cerrito 333",
		"city" : "Buenos Aires",
		"region" : null,
		"postal code" : "1010",
		"country" : "Argentina",
		"phone" : "(1) 135-5555",
		"fax" : "(1) 135-4892",
		"submits" : [ ]
	}
}
{
	"_id" : "CENTC",
	"CUSTOMER" : {
		"customer code" : "CENTC",
		"company name" : "Centro comercial Moctezuma",
		"contact name" : "Francisco Chang",
		"contact title" : "Marketing Manager",
		"address" : "Sierras de Granada 9993",
		"city" : "Mexico D.F.",
		"region" : null,
		"postal code" : "05022",
		"country" : "Mexico",
		"phone" : "(5) 555-3392",
		"fax" : "(5) 555-7293",
		"submits" : [ ]
	}
}
{
	"_id" : "CHOPS",
	"CUSTOMER" : {
		"customer code" : "CHOPS",
		"company name" : "Chop-suey Chinese",
		"contact name" : "Yang Wang",
		"contact title" : "Owner",
		"address" : "Hauptstr. 29",
		"city" : "Bern",
		"region" : null,
		"postal code" : "3012",
		"country" : "Switzerland",
		"phone" : "0452-076545",
		"fax" : null,
		"submits" : [
			{
				"ORDER" : {
					"order id" : 309,
					"employee id" : 6,
					"order date" : ISODate("1996-12-03T00:00:00Z"),
					"required date" : ISODate("1996-12-31T00:00:00Z"),
					"shipped date" : ISODate("1996-12-27T00:00:00Z"),
					"ship via" : "United Package",
					"freight" : 1.17,
					"ship name" : "Chop-suey Chinese",
					"ship address" : "Hauptstr. 31",
					"ship city" : "Bern",
					"ship region" : null,
					"ship postal code" : "3012",
					"ship country" : "Switzerland",
					"consists of" : [
						{
							"ORDER DETAIL" : {
								"product name" : "Chef Anton's Cajun Seasoning",
								"unit price" : 17.6,
								"quantity" : 20,
								"discount" : 0
							}
						},
						{
							"ORDER DETAIL" : {
								"product name" : "Flotemysost",
								"unit price" : 17.2,
								"quantity" : 3,
								"discount" : 0
							}
						},
						{
							"ORDER DETAIL" : {
								"product name" : "Grandma's Boysenberry Spread",
								"unit price" : 20,
								"quantity" : 30,
								"discount" : 0
							}
						},
						{
							"ORDER DETAIL" : {
								"product name" : "Ipoh Coffee",
								"unit price" : 36.8,
								"quantity" : 20,
								"discount" : 0
							}
						},
						{
							"ORDER DETAIL" : {
								"product name" : "Singaporean Hokkien Fried Mee",
								"unit price" : 11.2,
								"quantity" : 2,
								"discount" : 0
							}
						}
					]
				}
			}
		]
	}
}
{
	"_id" : "COMMI",
	"CUSTOMER" : {
		"customer code" : "COMMI",
		"company name" : "Comercio Mineiro",
		"contact name" : "Pedro Afonso",
		"contact title" : "Sales Associate",
		"address" : "Av. dos Lusiadas, 23",
		"city" : "São Paulo",
		"region" : "SP",
		"postal code" : "05432-043",
		"country" : "Brazil",
		"phone" : "(11) 555-7647",
		"fax" : null,
		"submits" : [ ]
	}
}
{
	"_id" : "CONSH",
	"CUSTOMER" : {
		"customer code" : "CONSH",
		"company name" : "Consolidated Holdings",
		"contact name" : "Elizabeth Brown",
		"contact title" : "Sales Representative",
		"address" : "Berkeley Gardens 12  Brewery ",
		"city" : "London",
		"region" : null,
		"postal code" : "WX1 6LT",
		"country" : "UK",
		"phone" : "(171) 555-2282",
		"fax" : "(171) 555-9199",
		"submits" : [
			{
				"ORDER" : {
					"order id" : 379,
					"employee id" : 8,
					"order date" : ISODate("1997-02-04T00:00:00Z"),
					"required date" : ISODate("1997-03-18T00:00:00Z"),
					"shipped date" : ISODate("1997-02-07T00:00:00Z"),
					"ship via" : "United Package",
					"freight" : 9.21,
					"ship name" : "Consolidated Holdings",
					"ship address" : "Berkeley Gardens 12  Brewery ",
					"ship city" : "London",
					"ship region" : null,
					"ship postal code" : "WX1 6LT",
					"ship country" : "UK",
					"consists of" : [
						{
							"ORDER DETAIL" : {
								"product name" : "Chang",
								"unit price" : 15.2,
								"quantity" : 40,
								"discount" : 0.15
							}
						},
						{
							"ORDER DETAIL" : {
								"product name" : "Gula Malacca",
								"unit price" : 15.5,
								"quantity" : 2,
								"discount" : 0.15
							}
						},
						{
							"ORDER DETAIL" : {
								"product name" : "Pavlova",
								"unit price" : 13.9,
								"quantity" : 35,
								"discount" : 0.15
							}
						}
					]
				}
			}
		]
	}
}
{
	"_id" : "DRACD",
	"CUSTOMER" : {
		"customer code" : "DRACD",
		"company name" : "Drachenblut Delikatessen",
		"contact name" : "Sven Ottlieb",
		"contact title" : "Order Administrator",
		"address" : "Walserweg 21",
		"city" : "Aachen",
		"region" : null,
		"postal code" : "52066",
		"country" : "Germany",
		"phone" : "0241-039123",
		"fax" : "0241-059428",
		"submits" : [
			{
				"ORDER" : {
					"order id" : 333,
					"employee id" : 3,
					"order date" : ISODate("1996-12-23T00:00:00Z"),
					"required date" : ISODate("1997-01-20T00:00:00Z"),
					"shipped date" : ISODate("1996-12-31T00:00:00Z"),
					"ship via" : "Federal Shipping",
					"freight" : 5.45,
					"ship name" : "Drachenblut Delikatessen",
					"ship address" : "Walserweg 21",
					"ship city" : "Aachen",
					"ship region" : null,
					"ship postal code" : "52066",
					"ship country" : "Germany",
					"consists of" : [
						{
							"ORDER DETAIL" : {
								"product name" : "Flotemysost",
								"unit price" : 17.2,
								"quantity" : 40,
								"discount" : 0.1
							}
						},
						{
							"ORDER DETAIL" : {
								"product name" : "Sir Rodney's Scones",
								"unit price" : 8,
								"quantity" : 10,
								"discount" : 0.1
							}
						},
						{
							"ORDER DETAIL" : {
								"product name" : "Tofu",
								"unit price" : 18.6,
								"quantity" : 10,
								"discount" : 0
							}
						}
					]
				}
			}
		]
	}
}
{
	"_id" : "DUMON",
	"CUSTOMER" : {
		"customer code" : "DUMON",
		"company name" : "Du monde entier",
		"contact name" : "Janine Labrune",
		"contact title" : "Owner",
		"address" : "67, rue des Cinquante Otages",
		"city" : "Nantes",
		"region" : null,
		"postal code" : "44000",
		"country" : "France",
		"phone" : "40.67.88.88",
		"fax" : "40.67.89.89",
		"submits" : [ ]
	}
}
{
	"_id" : "EASTC",
	"CUSTOMER" : {
		"customer code" : "EASTC",
		"company name" : "Eastern Connection",
		"contact name" : "Ann Devon",
		"contact title" : "Sales Agent",
		"address" : "35 King George",
		"city" : "London",
		"region" : null,
		"postal code" : "WX3 6FW",
		"country" : "UK",
		"phone" : "(171) 555-0297",
		"fax" : "(171) 555-3373",
		"submits" : [
			{
				"ORDER" : {
					"order id" : 342,
					"employee id" : 1,
					"order date" : ISODate("1997-01-01T00:00:00Z"),
					"required date" : ISODate("1997-01-29T00:00:00Z"),
					"shipped date" : ISODate("1997-01-16T00:00:00Z"),
					"ship via" : "Federal Shipping",
					"freight" : 83.93,
					"ship name" : "Eastern Connection",
					"ship address" : "35 King George",
					"ship city" : "London",
					"ship region" : null,
					"ship postal code" : "WX3 6FW",
					"ship country" : "UK",
					"consists of" : [
						{
							"ORDER DETAIL" : {
								"product name" : "Chang",
								"unit price" : 15.2,
								"quantity" : 24,
								"discount" : 0.2
							}
						},
						{
							"ORDER DETAIL" : {
								"product name" : "Gorgonzola Telino",
								"unit price" : 10,
								"quantity" : 56,
								"discount" : 0.2
							}
						}
					]
				}
			}
		]
	}
}
{
	"_id" : "FAMIA",
	"CUSTOMER" : {
		"customer code" : "FAMIA",
		"company name" : "Familia Arquibaldo",
		"contact name" : "Aria Cruz",
		"contact title" : "Marketing Assistant",
		"address" : "Rua Oros, 92",
		"city" : "São Paulo",
		"region" : "SP",
		"postal code" : "05442-030",
		"country" : "Brazil",
		"phone" : "(11) 555-9857",
		"fax" : null,
		"submits" : [
			{
				"ORDER" : {
					"order id" : 328,
					"employee id" : 9,
					"order date" : ISODate("1996-12-18T00:00:00Z"),
					"required date" : ISODate("1997-01-01T00:00:00Z"),
					"shipped date" : ISODate("1996-12-25T00:00:00Z"),
					"ship via" : "Federal Shipping",
					"freight" : 13.99,
					"ship name" : "Familia Arquibaldo",
					"ship address" : "Rua Orós, 92",
					"ship city" : "São Paulo",
					"ship region" : "SP",
					"ship postal code" : "05442-030",
					"ship country" : "Brazil",
					"consists of" : [
						{
							"ORDER DETAIL" : {
								"product name" : "Louisiana Fiery Hot Pepper Sauce",
								"unit price" : 16.8,
								"quantity" : 40,
								"discount" : 0
							}
						},
						{
							"ORDER DETAIL" : {
								"product name" : "Raclette Courdavault",
								"unit price" : 44,
								"quantity" : 9,
								"discount" : 0
							}
						},
						{
							"ORDER DETAIL" : {
								"product name" : "Scottish Longbreads",
								"unit price" : 10,
								"quantity" : 10,
								"discount" : 0
							}
						}
					]
				}
			},
			{
				"ORDER" : {
					"order id" : 356,
					"employee id" : 2,
					"order date" : ISODate("1997-01-14T00:00:00Z"),
					"required date" : ISODate("1997-02-11T00:00:00Z"),
					"shipped date" : ISODate("1997-01-17T00:00:00Z"),
					"ship via" : "Federal Shipping",
					"freight" : 21.48,
					"ship name" : "Familia Arquibaldo",
					"ship address" : "Rua Orós, 92",
					"ship city" : "São Paulo",
					"ship region" : "SP",
					"ship postal code" : "05442-030",
					"ship country" : "Brazil",
					"consists of" : [
						{
							"ORDER DETAIL" : {
								"product name" : "Filo Mix",
								"unit price" : 5.6,
								"quantity" : 20,
								"discount" : 0
							}
						}
					]
				}
			}
		]
	}
}
{
	"_id" : "FISSA",
	"CUSTOMER" : {
		"customer code" : "FISSA",
		"company name" : "FISSA Fabrica Inter. Salchichas S.A.",
		"contact name" : "Diego Roel",
		"contact title" : "Accounting Manager",
		"address" : "C/ Moralzarzal, 86",
		"city" : "Madrid",
		"region" : null,
		"postal code" : "28034",
		"country" : "Spain",
		"phone" : "(91) 555 94 44",
		"fax" : "(91) 555 55 93",
		"submits" : [ ]
	}
}
Type "it" for more
> db.orders.find({"CUSTOMER.contact name":"Maria Anders"}).pretty();
{
	"_id" : "ALFKI",
	"CUSTOMER" : {
		"customer code" : "ALFKI",
		"company name" : "Alfreds Futterkiste",
		"contact name" : "Maria Anders",
		"contact title" : "Sales Representative",
		"address" : "Obere Str. 57",
		"city" : "Berlin",
		"region" : null,
		"postal code" : "12209",
		"country" : "Germany",
		"phone" : "030-0074321",
		"fax" : "030-0076545",
		"submits" : [ ]
	}
}
> db.orders.find({"CUSTOMER.submits.ORDER.order id":325}).pretty();
{
	"_id" : "AROUT",
	"CUSTOMER" : {
		"customer code" : "AROUT",
		"company name" : "Around the Horn",
		"contact name" : "Thomas Hardy",
		"contact title" : "Sales Representative",
		"address" : "120 Hanover Sq.",
		"city" : "London",
		"region" : null,
		"postal code" : "WA1 1DP",
		"country" : "UK",
		"phone" : "(171) 555-7788",
		"fax" : "(171) 555-6750",
		"submits" : [
			{
				"ORDER" : {
					"order id" : 325,
					"employee id" : 8,
					"order date" : ISODate("1996-12-16T00:00:00Z"),
					"required date" : ISODate("1997-01-13T00:00:00Z"),
					"shipped date" : ISODate("1996-12-18T00:00:00Z"),
					"ship via" : "Federal Shipping",
					"freight" : 34.24,
					"ship name" : "Around the Horn",
					"ship address" : "Brook Farm Stratford St. Mary",
					"ship city" : "Colchester",
					"ship region" : "Essex",
					"ship postal code" : "CO7 6JX",
					"ship country" : "UK",
					"consists of" : [
						{
							"ORDER DETAIL" : {
								"product name" : "Gorgonzola Telino",
								"unit price" : 10,
								"quantity" : 4,
								"discount" : 0
							}
						},
						{
							"ORDER DETAIL" : {
								"product name" : "Grandma's Boysenberry Spread",
								"unit price" : 25.3,
								"quantity" : 6,
								"discount" : 0
							}
						},
						{
							"ORDER DETAIL" : {
								"product name" : "Konbu",
								"unit price" : 4.8,
								"quantity" : 12,
								"discount" : 0
							}
						},
						{
							"ORDER DETAIL" : {
								"product name" : "Mozzarella di Giovanni",
								"unit price" : 27.8,
								"quantity" : 40,
								"discount" : 0
							}
						},
						{
							"ORDER DETAIL" : {
								"product name" : "Tofu",
								"unit price" : 18.6,
								"quantity" : 9,
								"discount" : 0
							}
						}
					]
				}
			}
		]
	}
}
> 